<?xml version="1.0" encoding="UTF-8"?>
<robot generator="Robot 3.1.2 (Python 3.7.0b4 on win32)" generated="20190724 11:24:07.196" rpa="false">
<suite id="s1" name="studyRF" source="D:\user2\studyRF">
<suite id="s1-s1" name="RF-if语句" source="D:\user2\studyRF\RF-if语句.robot">
<test id="s1-s1-t1" name="RF中的IF语句">
<kw name="Run Keyword If" library="BuiltIn">
<doc>Runs the given keyword with the given arguments, if ``condition`` is true.</doc>
<arguments>
<arg>"str1"=="str1"</arg>
<arg>Log</arg>
<arg>we are equal</arg>
</arguments>
<kw name="Log" library="BuiltIn">
<doc>Logs the given message with the given level.</doc>
<arguments>
<arg>we are equal</arg>
</arguments>
<msg timestamp="20190724 11:24:07.282" level="INFO">we are equal</msg>
<status status="PASS" starttime="20190724 11:24:07.282" endtime="20190724 11:24:07.282"></status>
</kw>
<status status="PASS" starttime="20190724 11:24:07.281" endtime="20190724 11:24:07.283"></status>
</kw>
<status status="PASS" starttime="20190724 11:24:07.280" endtime="20190724 11:24:07.283" critical="yes"></status>
</test>
<status status="PASS" starttime="20190724 11:24:07.277" endtime="20190724 11:24:07.284"></status>
</suite>
<status status="PASS" starttime="20190724 11:24:07.253" endtime="20190724 11:24:07.285"></status>
</suite>
<statistics>
<total>
<stat pass="1" fail="0">Critical Tests</stat>
<stat pass="1" fail="0">All Tests</stat>
</total>
<tag>
</tag>
<suite>
<stat pass="1" fail="0" id="s1" name="studyRF">studyRF</stat>
<stat pass="1" fail="0" id="s1-s1" name="RF-if语句">studyRF.RF-if语句</stat>
</suite>
</statistics>
<errors>
</errors>
</robot>
