<?xml version="1.0" encoding="UTF-8"?>
<robot generator="Robot 3.1.2 (Python 3.7.0b4 on win32)" generated="20190729 15:12:25.422" rpa="false">
<suite id="s1" name="RF-liliang" source="D:\user2\RF-liliang">
<suite id="s1-s1" name="测试用例层" source="D:\user2\RF-liliang\测试用例层">
<suite id="s1-s1-s1" name="登录测试用例" source="D:\user2\RF-liliang\测试用例层\登录测试用例.robot">
<test id="s1-s1-s1-t1" name="用例1-正常登录">
<kw name="打开浏览器并最大化" library="前置后置处理条件" type="setup">
<kw name="打开浏览器" library="前置后置处理条件">
<kw name="Open Browser" library="SeleniumLibrary">
<doc>Opens a new browser instance to the given ``url``.</doc>
<arguments>
<arg>http://120.78.128.25:8765/Index/login.html</arg>
<arg>gc</arg>
</arguments>
<msg timestamp="20190729 15:12:25.711" level="INFO">Opening browser 'gc' to base url 'http://120.78.128.25:8765/Index/login.html'.</msg>
<status status="PASS" starttime="20190729 15:12:25.710" endtime="20190729 15:12:30.778"></status>
</kw>
<status status="PASS" starttime="20190729 15:12:25.709" endtime="20190729 15:12:30.778"></status>
</kw>
<kw name="Maximize Browser Window" library="SeleniumLibrary">
<doc>Maximizes current browser window.</doc>
<status status="PASS" starttime="20190729 15:12:30.779" endtime="20190729 15:12:31.954"></status>
</kw>
<status status="PASS" starttime="20190729 15:12:25.708" endtime="20190729 15:12:31.954"></status>
</kw>
<kw name="登录功能" library="登录页面">
<arguments>
<arg>18684720533</arg>
<arg>python</arg>
</arguments>
<kw name="Wait Until Element Is Visible" library="SeleniumLibrary">
<doc>Waits until element ``locator`` is visible.</doc>
<arguments>
<arg>${用户名输入框}</arg>
<arg>20</arg>
</arguments>
<status status="PASS" starttime="20190729 15:12:31.956" endtime="20190729 15:12:32.049"></status>
</kw>
<kw name="Input Text" library="SeleniumLibrary">
<doc>Types the given ``text`` into text field identified by ``locator``.</doc>
<arguments>
<arg>${用户名输入框}</arg>
<arg>${user}</arg>
</arguments>
<msg timestamp="20190729 15:12:32.050" level="INFO">Typing text '18684720533' into text field 'xpath://*[@name="phone"]'.</msg>
<status status="PASS" starttime="20190729 15:12:32.049" endtime="20190729 15:12:32.396"></status>
</kw>
<kw name="Input Text" library="SeleniumLibrary">
<doc>Types the given ``text`` into text field identified by ``locator``.</doc>
<arguments>
<arg>${密码输入框}</arg>
<arg>${passward}</arg>
</arguments>
<msg timestamp="20190729 15:12:32.397" level="INFO">Typing text 'python' into text field 'xpath=//*[@name="password"]'.</msg>
<status status="PASS" starttime="20190729 15:12:32.396" endtime="20190729 15:12:32.671"></status>
</kw>
<kw name="Click Element" library="SeleniumLibrary">
<doc>Click element identified by ``locator``.</doc>
<arguments>
<arg>${登录按钮}</arg>
</arguments>
<msg timestamp="20190729 15:12:32.672" level="INFO">Clicking element '//*[@type="button"]'.</msg>
<status status="PASS" starttime="20190729 15:12:32.672" endtime="20190729 15:12:32.859"></status>
</kw>
<status status="PASS" starttime="20190729 15:12:31.955" endtime="20190729 15:12:32.860"></status>
</kw>
<kw name="Close Browser" library="SeleniumLibrary" type="teardown">
<doc>Closes the current browser.</doc>
<status status="PASS" starttime="20190729 15:12:32.861" endtime="20190729 15:12:35.226"></status>
</kw>
<tags>
<tag>smoke</tag>
</tags>
<status status="PASS" starttime="20190729 15:12:25.706" endtime="20190729 15:12:35.226" critical="yes"></status>
</test>
<status status="PASS" starttime="20190729 15:12:25.516" endtime="20190729 15:12:35.227"></status>
</suite>
<status status="PASS" starttime="20190729 15:12:25.511" endtime="20190729 15:12:35.230"></status>
</suite>
<status status="PASS" starttime="20190729 15:12:25.485" endtime="20190729 15:12:35.232"></status>
</suite>
<statistics>
<total>
<stat pass="1" fail="0">Critical Tests</stat>
<stat pass="1" fail="0">All Tests</stat>
</total>
<tag>
<stat pass="1" fail="0">smoke</stat>
</tag>
<suite>
<stat pass="1" fail="0" id="s1" name="RF-liliang">RF-liliang</stat>
<stat pass="1" fail="0" id="s1-s1" name="测试用例层">RF-liliang.测试用例层</stat>
<stat pass="1" fail="0" id="s1-s1-s1" name="登录测试用例">RF-liliang.测试用例层.登录测试用例</stat>
</suite>
</statistics>
<errors>
</errors>
</robot>
