<?xml version="1.0" encoding="UTF-8"?>
<robot generator="Robot 3.1.2 (Python 3.7.0b4 on win32)" generated="20190722 17:04:01.235" rpa="false">
<suite id="s1" name="RF" source="D:\user2\RF">
<suite id="s1-s1" name="Test" source="D:\user2\RF\Test">
<suite id="s1-s1-s1" name="Test1" source="D:\user2\RF\Test\test1.robot">
<test id="s1-s1-s1-t1" name="输出">
<kw name="Log" library="BuiltIn">
<doc>Logs the given message with the given level.</doc>
<arguments>
<arg>1</arg>
</arguments>
<msg timestamp="20190722 17:04:01.320" level="INFO">1</msg>
<status status="PASS" starttime="20190722 17:04:01.319" endtime="20190722 17:04:01.320"></status>
</kw>
<status status="PASS" starttime="20190722 17:04:01.318" endtime="20190722 17:04:01.320" critical="yes"></status>
</test>
<status status="PASS" starttime="20190722 17:04:01.315" endtime="20190722 17:04:01.321"></status>
</suite>
<status status="PASS" starttime="20190722 17:04:01.311" endtime="20190722 17:04:01.323"></status>
</suite>
<status status="PASS" starttime="20190722 17:04:01.286" endtime="20190722 17:04:01.324"></status>
</suite>
<statistics>
<total>
<stat pass="1" fail="0">Critical Tests</stat>
<stat pass="1" fail="0">All Tests</stat>
</total>
<tag>
</tag>
<suite>
<stat pass="1" fail="0" id="s1" name="RF">RF</stat>
<stat pass="1" fail="0" id="s1-s1" name="Test">RF.Test</stat>
<stat pass="1" fail="0" id="s1-s1-s1" name="Test1">RF.Test.Test1</stat>
</suite>
</statistics>
<errors>
</errors>
</robot>
